# Logfile created on 2014-09-12 16:59:12 -0400 by logger.rb/44203
I, [2014-09-12T16:59:12.612692 #97426]  INFO -- : 0:  i18n (0.6.11) from /Users/jarrett/.rvm/gems/ruby-2.1.0/specifications/i18n-0.6.11.gemspec
I, [2014-09-12T16:59:12.613013 #97426]  INFO -- : 0:  json (1.8.1) from /Users/jarrett/.rvm/rubies/ruby-2.1.0/lib/ruby/gems/2.1.0/specifications/default/json-1.8.1.gemspec
I, [2014-09-12T16:59:12.613290 #97426]  INFO -- : 0:  minitest (5.4.1) from /Users/jarrett/.rvm/gems/ruby-2.1.0/specifications/minitest-5.4.1.gemspec
I, [2014-09-12T16:59:12.613572 #97426]  INFO -- : 0:  thread_safe (0.3.4) from /Users/jarrett/.rvm/gems/ruby-2.1.0/specifications/thread_safe-0.3.4.gemspec
I, [2014-09-12T16:59:12.613830 #97426]  INFO -- : 0:  tzinfo (1.2.2) from /Users/jarrett/.rvm/gems/ruby-2.1.0/specifications/tzinfo-1.2.2.gemspec
I, [2014-09-12T16:59:14.396689 #97426]  INFO -- : 0:  activesupport (4.1.6) from /Users/jarrett/.rvm/gems/ruby-2.1.0/specifications/activesupport-4.1.6.gemspec
I, [2014-09-12T16:59:14.397046 #97426]  INFO -- : 0:  bundler (1.5.1) from /Users/jarrett/.rvm/gems/ruby-2.1.0@global/specifications/bundler-1.5.1.gemspec
I, [2014-09-12T16:59:14.397294 #97426]  INFO -- : 0:  hitimes (1.2.2) from /Users/jarrett/.rvm/gems/ruby-2.1.0/specifications/hitimes-1.2.2.gemspec
I, [2014-09-12T16:59:15.201542 #97426]  INFO -- : 0:  timers (4.0.1) from /Users/jarrett/.rvm/gems/ruby-2.1.0/specifications/timers-4.0.1.gemspec
I, [2014-09-12T16:59:16.357741 #97426]  INFO -- : 0:  celluloid (0.16.0) from /Users/jarrett/.rvm/gems/ruby-2.1.0/specifications/celluloid-0.16.0.gemspec
I, [2014-09-12T16:59:16.358080 #97426]  INFO -- : 0:  ejs (1.1.1) from /Users/jarrett/.rvm/gems/ruby-2.1.0/specifications/ejs-1.1.1.gemspec
I, [2014-09-12T16:59:16.358343 #97426]  INFO -- : 0:  erubis (2.7.0) from /Users/jarrett/.rvm/gems/ruby-2.1.0/specifications/erubis-2.7.0.gemspec
I, [2014-09-12T16:59:16.358611 #97426]  INFO -- : 0:  execjs (2.2.1) from /Users/jarrett/.rvm/gems/ruby-2.1.0/specifications/execjs-2.2.1.gemspec
I, [2014-09-12T16:59:16.358850 #97426]  INFO -- : 0:  ffi (1.9.3) from /Users/jarrett/.rvm/gems/ruby-2.1.0/specifications/ffi-1.9.3.gemspec
I, [2014-09-12T16:59:16.359089 #97426]  INFO -- : 0:  rb-fsevent (0.9.4) from /Users/jarrett/.rvm/gems/ruby-2.1.0/specifications/rb-fsevent-0.9.4.gemspec
I, [2014-09-12T16:59:16.359328 #97426]  INFO -- : 0:  rb-inotify (0.9.5) from /Users/jarrett/.rvm/gems/ruby-2.1.0/specifications/rb-inotify-0.9.5.gemspec
I, [2014-09-12T16:59:16.359568 #97426]  INFO -- : 0:  listen (2.7.9) from /Users/jarrett/.rvm/gems/ruby-2.1.0/specifications/listen-2.7.9.gemspec
I, [2014-09-12T16:59:18.193449 #97426]  INFO -- : 0:  sass (3.4.3) from /Users/jarrett/.rvm/gems/ruby-2.1.0/specifications/sass-3.4.3.gemspec
I, [2014-09-12T16:59:18.193783 #97426]  INFO -- : 0:  source_map (3.0.1) from /Users/jarrett/.rvm/gems/ruby-2.1.0/specifications/source_map-3.0.1.gemspec
I, [2014-09-12T16:59:18.194033 #97426]  INFO -- : 0:  libv8 (3.16.14.3) from /Users/jarrett/.rvm/gems/ruby-2.1.0/specifications/libv8-3.16.14.3-x86_64-darwin-12.gemspec
I, [2014-09-12T16:59:18.194268 #97426]  INFO -- : 0:  ref (1.0.5) from /Users/jarrett/.rvm/gems/ruby-2.1.0/specifications/ref-1.0.5.gemspec
I, [2014-09-12T16:59:18.194499 #97426]  INFO -- : 0:  therubyracer (0.12.1) from /Users/jarrett/.rvm/gems/ruby-2.1.0/specifications/therubyracer-0.12.1.gemspec
I, [2014-09-12T16:59:18.194739 #97426]  INFO -- : 0:  uglifier (2.5.3) from /Users/jarrett/.rvm/gems/ruby-2.1.0/specifications/uglifier-2.5.3.gemspec
I, [2014-09-12T16:59:18.194966 #97426]  INFO -- : 0:  ichiban (1.1.0) from /Users/jarrett/.rvm/gems/ruby-2.1.0/specifications/ichiban-1.1.0.gemspec
I, [2014-09-13T12:34:34.688731 #5922]  INFO -- : 0:  i18n (0.6.11) from /Users/jarrett/.rvm/gems/ruby-2.1.0/specifications/i18n-0.6.11.gemspec
I, [2014-09-13T12:34:34.689743 #5922]  INFO -- : 0:  json (1.8.1) from /Users/jarrett/.rvm/rubies/ruby-2.1.0/lib/ruby/gems/2.1.0/specifications/default/json-1.8.1.gemspec
I, [2014-09-13T12:34:34.690125 #5922]  INFO -- : 0:  minitest (5.4.1) from /Users/jarrett/.rvm/gems/ruby-2.1.0/specifications/minitest-5.4.1.gemspec
I, [2014-09-13T12:34:34.690526 #5922]  INFO -- : 0:  thread_safe (0.3.4) from /Users/jarrett/.rvm/gems/ruby-2.1.0/specifications/thread_safe-0.3.4.gemspec
I, [2014-09-13T12:34:34.690902 #5922]  INFO -- : 0:  tzinfo (1.2.2) from /Users/jarrett/.rvm/gems/ruby-2.1.0/specifications/tzinfo-1.2.2.gemspec
I, [2014-09-13T12:34:34.691261 #5922]  INFO -- : 0:  activesupport (4.1.6) from /Users/jarrett/.rvm/gems/ruby-2.1.0/specifications/activesupport-4.1.6.gemspec
I, [2014-09-13T12:34:34.691607 #5922]  INFO -- : 0:  ansi (1.4.3) from /Users/jarrett/.rvm/gems/ruby-2.1.0/specifications/ansi-1.4.3.gemspec
I, [2014-09-13T12:34:34.691941 #5922]  INFO -- : 0:  bundler (1.5.1) from /Users/jarrett/.rvm/gems/ruby-2.1.0@global/specifications/bundler-1.5.1.gemspec
I, [2014-09-13T12:34:34.692288 #5922]  INFO -- : 0:  hitimes (1.2.2) from /Users/jarrett/.rvm/gems/ruby-2.1.0/specifications/hitimes-1.2.2.gemspec
I, [2014-09-13T12:34:34.692632 #5922]  INFO -- : 0:  timers (4.0.1) from /Users/jarrett/.rvm/gems/ruby-2.1.0/specifications/timers-4.0.1.gemspec
I, [2014-09-13T12:34:34.692986 #5922]  INFO -- : 0:  celluloid (0.16.0) from /Users/jarrett/.rvm/gems/ruby-2.1.0/specifications/celluloid-0.16.0.gemspec
I, [2014-09-13T12:34:34.693311 #5922]  INFO -- : 0:  ejs (1.1.1) from /Users/jarrett/.rvm/gems/ruby-2.1.0/specifications/ejs-1.1.1.gemspec
I, [2014-09-13T12:34:34.693646 #5922]  INFO -- : 0:  erubis (2.7.0) from /Users/jarrett/.rvm/gems/ruby-2.1.0/specifications/erubis-2.7.0.gemspec
I, [2014-09-13T12:34:34.693984 #5922]  INFO -- : 0:  execjs (2.2.1) from /Users/jarrett/.rvm/gems/ruby-2.1.0/specifications/execjs-2.2.1.gemspec
I, [2014-09-13T12:34:34.694312 #5922]  INFO -- : 0:  ffi (1.9.3) from /Users/jarrett/.rvm/gems/ruby-2.1.0/specifications/ffi-1.9.3.gemspec
I, [2014-09-13T12:34:34.694638 #5922]  INFO -- : 0:  rb-fsevent (0.9.4) from /Users/jarrett/.rvm/gems/ruby-2.1.0/specifications/rb-fsevent-0.9.4.gemspec
I, [2014-09-13T12:34:34.694967 #5922]  INFO -- : 0:  rb-inotify (0.9.5) from /Users/jarrett/.rvm/gems/ruby-2.1.0/specifications/rb-inotify-0.9.5.gemspec
I, [2014-09-13T12:34:34.695271 #5922]  INFO -- : 0:  listen (2.7.9) from /Users/jarrett/.rvm/gems/ruby-2.1.0/specifications/listen-2.7.9.gemspec
I, [2014-09-13T12:34:34.695615 #5922]  INFO -- : 0:  sass (3.4.3) from /Users/jarrett/.rvm/gems/ruby-2.1.0/specifications/sass-3.4.3.gemspec
I, [2014-09-13T12:34:34.695946 #5922]  INFO -- : 0:  source_map (3.0.1) from /Users/jarrett/.rvm/gems/ruby-2.1.0/specifications/source_map-3.0.1.gemspec
I, [2014-09-13T12:34:34.696289 #5922]  INFO -- : 0:  libv8 (3.16.14.3) from /Users/jarrett/.rvm/gems/ruby-2.1.0/specifications/libv8-3.16.14.3-x86_64-darwin-12.gemspec
I, [2014-09-13T12:34:34.696617 #5922]  INFO -- : 0:  ref (1.0.5) from /Users/jarrett/.rvm/gems/ruby-2.1.0/specifications/ref-1.0.5.gemspec
I, [2014-09-13T12:34:34.699880 #5922]  INFO -- : 0:  therubyracer (0.12.1) from /Users/jarrett/.rvm/gems/ruby-2.1.0/specifications/therubyracer-0.12.1.gemspec
I, [2014-09-13T12:34:34.700235 #5922]  INFO -- : 0:  uglifier (2.5.3) from /Users/jarrett/.rvm/gems/ruby-2.1.0/specifications/uglifier-2.5.3.gemspec
I, [2014-09-13T12:34:34.700900 #5922]  INFO -- : 0:  ichiban (1.1.0) from /Users/jarrett/.rvm/gems/ruby-2.1.0/specifications/ichiban-1.1.0.gemspec
